Arguments: 
  /Users/unity/.nvm/versions/node/v10.16.2/bin/node /Users/unity/.nvm/versions/node/v10.16.2/lib/node_modules/yarn/bin/yarn.js install

PATH: 
  /Users/unity/.nvm/versions/node/v10.16.2/bin:/usr/local/bin:/usr/bin:/bin:/usr/sbin:/sbin

Yarn version: 
  1.17.3

Node version: 
  10.16.2

Platform: 
  darwin x64

Trace: 
  SyntaxError: /Users/unity/Documents/survey/survey-mobile/package.json: Unexpected token } in JSON at position 1379
      at JSON.parse (<anonymous>)
      at /Users/unity/.nvm/versions/node/v10.16.2/lib/node_modules/yarn/lib/cli.js:1625:59
      at Generator.next (<anonymous>)
      at step (/Users/unity/.nvm/versions/node/v10.16.2/lib/node_modules/yarn/lib/cli.js:304:30)
      at /Users/unity/.nvm/versions/node/v10.16.2/lib/node_modules/yarn/lib/cli.js:315:13

npm manifest: 
  {
    "main": "node_modules/expo/AppEntry.js",
    "scripts": {
      "start": "expo start",
      "android": "expo start --android",
      "ios": "expo start --ios",
      "web": "expo start --web",
      "eject": "expo eject"
    },
    "dependencies": {
      "@types/redux": "^3.6.0",
      "@types/redux-saga": "^0.10.5",
      "expo": "^34.0.1",
      "expo-location": "~6.0.0",
      "expo-permissions": "~6.0.0",
      "immutable": "^4.0.0-rc.12",
      "moment": "^2.24.0",
      "react": "16.8.3",
      "react-dom": "^16.8.6",
      "react-native": "https://github.com/expo/react-native/archive/sdk-34.0.0.tar.gz",
      "react-native-axios": "^0.17.1",
      "react-native-elements": "^1.2.0",
      "react-native-gesture-handler": "~1.3.0",
      "react-native-indicator": "^1.0.0",
      "react-native-map-clustering": "^2.0.2",
      "react-native-maps": "~0.24.0",
      "react-native-material-menu": "^1.0.0",
      "react-native-modal": "^11.3.1",
      "react-native-reanimated": "~1.1.0",
      "react-native-screens": "1.0.0-alpha.22",
      "react-native-svg": "~9.5.1",
      "react-native-svg-uri": "^1.2.3",
      "react-native-validate-form": "^1.1.3",
      "react-native-vector-icons": "^6.6.0",
      "react-native-web": "^0.11.4",
      "react-navigation": "^4.0.0",
      "react-navigation-drawer": "^2.0.1",
      "react-navigation-stack": "^1.5.1",
      "react-redux": "^7.1.1",
      "remote-redux-devtools": "^0.5.16",
    },
    "devDependencies": {
      "@types/react": "^16.8.23",
      "@types/react-native": "^0.57.65",
      "babel-preset-expo": "^6.0.0",
      "typescript": "^3.4.5"
    },
    "private": true
  }

yarn manifest: 
  No manifest

Lockfile: 
  No lockfile
